INPUT: '#FFFFFF'
PARSED HEX: &H00FFFFFF&
INPUT: '#00FF00'
PARSED HEX: &H0000FF00&
INPUT: '#000000'
PARSED HEX: &H00000000&
INPUT: '#000000'
PARSED HEX: &H00000000&
INPUT: '#FFFFFF'
PARSED HEX: &H00FFFFFF&
INPUT: '#00FF00'
PARSED HEX: &H0000FF00&
INPUT: '#000000'
PARSED HEX: &H00000000&
INPUT: '#000000'
PARSED HEX: &H00000000&
INPUT: '#FFFFFF'
PARSED HEX: &H00FFFFFF&
INPUT: '#00FF00'
PARSED HEX: &H0000FF00&
INPUT: '#000000'
PARSED HEX: &H00000000&
INPUT: '#000000'
PARSED HEX: &H00000000&
INPUT: '#FFFFFF'
PARSED HEX: &H00FFFFFF&
INPUT: '#00FF00'
PARSED HEX: &H0000FF00&
INPUT: '#000000'
PARSED HEX: &H00000000&
INPUT: '#000000'
PARSED HEX: &H00000000&
INPUT: '#FFFFFF'
PARSED HEX: &H00FFFFFF&
INPUT: '#00FF00'
PARSED HEX: &H0000FF00&
INPUT: '#000000'
PARSED HEX: &H00000000&
INPUT: '#000000'
PARSED HEX: &H00000000&
INPUT: '#FFFFFF'
PARSED HEX: &H00FFFFFF&
INPUT: '#00FF00'
PARSED HEX: &H0000FF00&
INPUT: '#000000'
PARSED HEX: &H00000000&
INPUT: '#000000'
PARSED HEX: &H00000000&
INPUT: '#FFFFFF'
PARSED HEX: &H00FFFFFF&
INPUT: '#00FF00'
PARSED HEX: &H0000FF00&
INPUT: '#000000'
PARSED HEX: &H00000000&
INPUT: '#000000'
PARSED HEX: &H00000000&
INPUT: '#FFFFFF'
PARSED HEX: &H00FFFFFF&
INPUT: '#00FF00'
PARSED HEX: &H0000FF00&
INPUT: '#000000'
PARSED HEX: &H00000000&
INPUT: '#000000'
PARSED HEX: &H00000000&
INPUT: '#FFFFFF'
PARSED HEX: &H00FFFFFF&
INPUT: '#00FF00'
PARSED HEX: &H0000FF00&
INPUT: '#000000'
PARSED HEX: &H00000000&
INPUT: '#000000'
PARSED HEX: &H00000000&
INPUT: '#FFFFFF'
PARSED HEX: &H00FFFFFF&
INPUT: '#00FF00'
PARSED HEX: &H0000FF00&
INPUT: '#000000'
PARSED HEX: &H00000000&
INPUT: '#000000'
PARSED HEX: &H00000000&
INPUT: '#FFFFFF'
PARSED HEX: &H00FFFFFF&
INPUT: '#00FF00'
PARSED HEX: &H0000FF00&
INPUT: '#000000'
PARSED HEX: &H00000000&
INPUT: '#000000'
PARSED HEX: &H00000000&
INPUT: '#FFFFFF'
PARSED HEX: &H00FFFFFF&
INPUT: '#00FF00'
PARSED HEX: &H0000FF00&
INPUT: '#000000'
PARSED HEX: &H00000000&
INPUT: '#000000'
PARSED HEX: &H00000000&
INPUT: '#FFFFFF'
PARSED HEX: &H00FFFFFF&
INPUT: '#00FF00'
PARSED HEX: &H0000FF00&
INPUT: '#000000'
PARSED HEX: &H00000000&
INPUT: '#000000'
PARSED HEX: &H00000000&
INPUT: '#FFFFFF'
PARSED HEX: &H00FFFFFF&
INPUT: '#00FF00'
PARSED HEX: &H0000FF00&
INPUT: '#000000'
PARSED HEX: &H00000000&
INPUT: '#000000'
PARSED HEX: &H00000000&
INPUT: '#FF0000'
PARSED HEX: &H000000FF&
INPUT: '#FF0000'
PARSED HEX: &H000000FF&
INPUT: '#000000'
PARSED HEX: &H00000000&
INPUT: '#000000'
PARSED HEX: &H00000000&
INPUT: 'rgba(73.43968930855925, 255, 0, 1)'
PARSED RGB: &H0000FF49&
INPUT: 'rgba(11.689765458422116, 255, 0, 1)'
PARSED RGB: &H0000FF0B&
INPUT: '#000000'
PARSED HEX: &H00000000&
INPUT: '#000000'
PARSED HEX: &H00000000&
INPUT: 'rgba(73.43968930855925, 255, 0, 1)'
PARSED RGB: &H0000FF49&
INPUT: 'rgba(11.689765458422116, 255, 0, 1)'
PARSED RGB: &H0000FF0B&
INPUT: '#000000'
PARSED HEX: &H00000000&
INPUT: '#000000'
PARSED HEX: &H00000000&
INPUT: '#FFFFFF'
PARSED HEX: &H00FFFFFF&
INPUT: 'rgba(71.34252208346021, 255, 0, 1)'
PARSED RGB: &H0000FF47&
INPUT: '#000000'
PARSED HEX: &H00000000&
INPUT: '#000000'
PARSED HEX: &H00000000&
INPUT: '#FFFFFF'
PARSED HEX: &H00FFFFFF&
INPUT: '#00FF00'
PARSED HEX: &H0000FF00&
INPUT: '#000000'
PARSED HEX: &H00000000&
INPUT: '#000000'
PARSED HEX: &H00000000&
INPUT: '#FFFFFF'
PARSED HEX: &H00FFFFFF&
INPUT: '#00FF00'
PARSED HEX: &H0000FF00&
INPUT: '#000000'
PARSED HEX: &H00000000&
INPUT: '#000000'
PARSED HEX: &H00000000&
INPUT: '#FFFFFF'
PARSED HEX: &H00FFFFFF&
INPUT: '#00FF00'
PARSED HEX: &H0000FF00&
INPUT: '#000000'
PARSED HEX: &H00000000&
INPUT: '#000000'
PARSED HEX: &H00000000&
INPUT: '#FFFFFF'
PARSED HEX: &H00FFFFFF&
INPUT: '#00FF00'
PARSED HEX: &H0000FF00&
INPUT: '#000000'
PARSED HEX: &H00000000&
INPUT: '#000000'
PARSED HEX: &H00000000&
INPUT: '#FFFFFF'
PARSED HEX: &H00FFFFFF&
INPUT: '#00FF00'
PARSED HEX: &H0000FF00&
INPUT: '#000000'
PARSED HEX: &H00000000&
INPUT: '#000000'
PARSED HEX: &H00000000&
INPUT: '#FFFFFF'
PARSED HEX: &H00FFFFFF&
INPUT: '#00FF00'
PARSED HEX: &H0000FF00&
INPUT: '#000000'
PARSED HEX: &H00000000&
INPUT: '#000000'
PARSED HEX: &H00000000&
INPUT: '#FFFFFF'
PARSED HEX: &H00FFFFFF&
INPUT: 'rgba(0, 255, 10.680018275967022, 1)'
PARSED RGB: &H000AFF00&
INPUT: '#000000'
PARSED HEX: &H00000000&
INPUT: '#000000'
PARSED HEX: &H00000000&
INPUT: '#FFFFFF'
PARSED HEX: &H00FFFFFF&
INPUT: '#00FF00'
PARSED HEX: &H0000FF00&
INPUT: '#000000'
PARSED HEX: &H00000000&
INPUT: '#000000'
PARSED HEX: &H00000000&
INPUT: '#FFFFFF'
PARSED HEX: &H00FFFFFF&
INPUT: '#00FF00'
PARSED HEX: &H0000FF00&
INPUT: '#000000'
PARSED HEX: &H00000000&
INPUT: '#000000'
PARSED HEX: &H00000000&
INPUT: '#FFFFFF'
PARSED HEX: &H00FFFFFF&
INPUT: 'rgba(0, 255, 70.33277490100518, 1)'
PARSED RGB: &H0046FF00&
INPUT: '#000000'
PARSED HEX: &H00000000&
INPUT: '#000000'
PARSED HEX: &H00000000&
INPUT: '#FFFFFF'
PARSED HEX: &H00FFFFFF&
INPUT: '#00FF00'
PARSED HEX: &H0000FF00&
INPUT: '#000000'
PARSED HEX: &H00000000&
INPUT: '#000000'
PARSED HEX: &H00000000&
